<?xml version="1.0" encoding="UTF-8"?>
<!-- Generated by org.testng.reporters.JUnitReportReporter -->
<testsuite skipped="0" hostname="yasirzaya" name="com.crm.qa.test.ContactsPageTest" tests="3" failures="0" timestamp="2021-08-01T14:09:24 IST" time="119.934" errors="0">
  <testcase name="createNewContacts" time="45.699" classname="com.crm.qa.test.ContactsPageTest"/>
  <system-out/>
  <testcase name="createNewContacts" time="38.473" classname="com.crm.qa.test.ContactsPageTest"/>
  <system-out/>
  <testcase name="createNewContacts" time="35.762" classname="com.crm.qa.test.ContactsPageTest"/>
  <system-out/>
</testsuite> <!-- com.crm.qa.test.ContactsPageTest -->
