<?xml version="1.0" encoding="UTF-8"?>
<!-- Generated by org.testng.reporters.JUnitReportReporter -->
<testsuite skipped="0" hostname="DESKTOP-CUT93Q8" name="com.crm.qa.test.LoginPageTest" tests="3" failures="0" timestamp="2021-08-07T19:11:24 IST" time="67.610" errors="0">
  <testcase name="loginPageTitleTest" time="15.310" classname="com.crm.qa.test.LoginPageTest"/>
  <system-out/>
  <testcase name="crmLogoTest" time="25.838" classname="com.crm.qa.test.LoginPageTest"/>
  <system-out/>
  <testcase name="loginTest" time="26.462" classname="com.crm.qa.test.LoginPageTest"/>
  <system-out/>
</testsuite> <!-- com.crm.qa.test.LoginPageTest -->
