<?xml version="1.0" encoding="UTF-8"?>
<!-- Generated by org.testng.reporters.JUnitReportReporter -->
<testsuite skipped="0" hostname="DESKTOP-CUT93Q8" name="com.crm.qa.test.LoginPageTest" tests="3" failures="0" timestamp="2021-08-08T13:26:10 IST" time="86.551" errors="0">
  <testcase name="loginPageTitleTest" time="38.992" classname="com.crm.qa.test.LoginPageTest"/>
  <system-out/>
  <testcase name="crmLogoTest" time="23.115" classname="com.crm.qa.test.LoginPageTest"/>
  <system-out/>
  <testcase name="loginTest" time="24.444" classname="com.crm.qa.test.LoginPageTest"/>
  <system-out/>
</testsuite> <!-- com.crm.qa.test.LoginPageTest -->
